<?xml version="1.0" encoding="UTF-8"?>
<!-- Generated by org.testng.reporters.JUnitReportReporter -->
<testsuite hostname="LAPTOP-5K836TPI" failures="0" tests="1" name="lab5.Exercise" time="5.924" errors="0" timestamp="2023-04-19T15:05:41 ICT" skipped="0">
  <testcase classname="lab5.Exercise" name="OpenAndSearch" time="5.924"/>
  <system-out/>
</testsuite> <!-- lab5.Exercise -->
