<?xml version="1.0" encoding="UTF-8"?>
<!-- Generated by org.testng.reporters.JUnitReportReporter -->
<testsuite hostname="LAPTOP-5K836TPI" failures="0" tests="1" name="lab6.exercise" time="14.074" errors="0" timestamp="2023-04-19T23:37:34 ICT" skipped="0">
  <testcase classname="lab6.exercise" name="TC_001" time="14.074"/>
  <system-out/>
</testsuite> <!-- lab6.exercise -->
